<?xml version="1.0" encoding="UTF-8"?>
<!-- Generated by org.testng.reporters.JUnitReportReporter -->
<testsuite hostname="SupriyaPC" name="com.testSamsung.NewTest" tests="1" failures="0" timestamp="3 Mar 2015 11:32:39 GMT" time="1.520" errors="0">
  <testcase name="testMenu" time="1.520" classname="com.testSamsung.NewTest"/>
</testsuite> <!-- com.testSamsung.NewTest -->
