<?xml version="1.0" encoding="UTF-8"?>
<!-- Generated by org.testng.reporters.JUnitReportReporter -->
<testsuite hostname="SupriyaPC" name="test.java.testSamsung.MenuTest" tests="1" failures="0" timestamp="18 Mar 2015 20:45:57 GMT" time="78.860" errors="0">
  <testcase name="testTVMenu" time="78.860" classname="test.java.testSamsung.MenuTest"/>
</testsuite> <!-- test.java.testSamsung.MenuTest -->
