<?xml version="1.0" encoding="UTF-8"?>
<!-- Generated by org.testng.reporters.JUnitReportReporter -->
<testsuite hostname="SupriyaPC" name="com.testSamsung.MenuTests" tests="1" failures="0" timestamp="4 Mar 2015 13:52:58 GMT" time="90.862" errors="0">
  <testcase name="testTVMenu" time="90.862" classname="com.testSamsung.MenuTests"/>
</testsuite> <!-- com.testSamsung.MenuTests -->
